\BOOKMARK [1][-]{section.1}{}{}% 1
\BOOKMARK [2][-]{subsection.1.1}{ }{section.1}% 2
\BOOKMARK [2][-]{subsection.1.2}{ \040}{section.1}% 3
\BOOKMARK [1][-]{section.2}{}{}% 4
\BOOKMARK [2][-]{subsection.2.1}{}{section.2}% 5
\BOOKMARK [2][-]{subsection.2.2}{}{section.2}% 6
\BOOKMARK [2][-]{subsection.2.3}{}{section.2}% 7
\BOOKMARK [1][-]{section.3}{ \040}{}% 8
\BOOKMARK [2][-]{subsection.3.1}{}{section.3}% 9
\BOOKMARK [2][-]{subsection.3.2}{ \040}{section.3}% 10
\BOOKMARK [2][-]{subsection.3.3}{ \040 }{section.3}% 11
\BOOKMARK [2][-]{subsection.3.4}{}{section.3}% 12
\BOOKMARK [1][-]{section.4}{ \040 OpenGL-}{}% 13
\BOOKMARK [2][-]{subsection.4.1}{}{section.4}% 14
\BOOKMARK [2][-]{subsection.4.2}{ }{section.4}% 15
\BOOKMARK [3][-]{subsubsection.4.2.1}{ \040 \040}{subsection.4.2}% 16
\BOOKMARK [2][-]{subsection.4.3}{}{section.4}% 17
\BOOKMARK [3][-]{subsubsection.4.3.1}{ }{subsection.4.3}% 18
\BOOKMARK [3][-]{subsubsection.4.3.2}{ }{subsection.4.3}% 19
\BOOKMARK [1][-]{section.5}{ }{}% 20
\BOOKMARK [2][-]{subsection.5.1}{ }{section.5}% 21
\BOOKMARK [2][-]{subsection.5.2}{ \040 \040}{section.5}% 22
\BOOKMARK [3][-]{subsubsection.5.2.1}{- }{subsection.5.2}% 23
\BOOKMARK [3][-]{subsubsection.5.2.2}{- }{subsection.5.2}% 24
\BOOKMARK [1][-]{Item.15}{}{}% 25
